<?xml version="1.0" encoding="UTF-8"?>
<testsuite name="com.example.trustapp.auth.CadastroUserManagerTest" tests="3" skipped="0" failures="0" errors="0" timestamp="2025-06-10T18:09:19" hostname="DESKTOP-M81U9SG" time="0.001">
  <properties/>
  <testcase name="criarUsuario cria objeto User corretamente" classname="com.example.trustapp.auth.CadastroUserManagerTest" time="0.001"/>
  <testcase name="validaCampos retorna true quando todos os campos estao preenchidos" classname="com.example.trustapp.auth.CadastroUserManagerTest" time="0.0"/>
  <testcase name="validaCampos retorna false quando algum campo esta vazio" classname="com.example.trustapp.auth.CadastroUserManagerTest" time="0.0"/>
  <system-out><![CDATA[]]></system-out>
  <system-err><![CDATA[]]></system-err>
</testsuite>
